INFO [2019-05-04 19:20:11] $x
INFO [2019-05-04 19:20:11] list(SNP_pop_1, SNP_pop_2, SNP_pop_3)
INFO [2019-05-04 19:20:11] 
INFO [2019-05-04 19:20:11] $category.names
INFO [2019-05-04 19:20:11] c("SNP pop 1", "SNP pop 2 ", "SNP pop 3")
INFO [2019-05-04 19:20:11] 
INFO [2019-05-04 19:20:11] $filename
INFO [2019-05-04 19:20:11] [1] "#14_venn_diagramm.png"
INFO [2019-05-04 19:20:11] 
INFO [2019-05-04 19:20:11] $output
INFO [2019-05-04 19:20:11] [1] TRUE
INFO [2019-05-04 19:20:11] 
INFO [2019-05-04 19:20:11] $imagetype
INFO [2019-05-04 19:20:11] [1] "png"
INFO [2019-05-04 19:20:11] 
INFO [2019-05-04 19:20:11] $height
INFO [2019-05-04 19:20:11] [1] 480
INFO [2019-05-04 19:20:11] 
INFO [2019-05-04 19:20:11] $width
INFO [2019-05-04 19:20:11] [1] 480
INFO [2019-05-04 19:20:11] 
INFO [2019-05-04 19:20:11] $resolution
INFO [2019-05-04 19:20:11] [1] 300
INFO [2019-05-04 19:20:11] 
INFO [2019-05-04 19:20:11] $compression
INFO [2019-05-04 19:20:11] [1] "lzw"
INFO [2019-05-04 19:20:11] 
INFO [2019-05-04 19:20:11] $lwd
INFO [2019-05-04 19:20:11] [1] 2
INFO [2019-05-04 19:20:11] 
INFO [2019-05-04 19:20:11] $lty
INFO [2019-05-04 19:20:11] [1] "blank"
INFO [2019-05-04 19:20:11] 
INFO [2019-05-04 19:20:11] $fill
INFO [2019-05-04 19:20:11] c("yellow", "purple", "green")
INFO [2019-05-04 19:20:11] 
INFO [2019-05-04 19:20:11] $cex
INFO [2019-05-04 19:20:11] [1] 1
INFO [2019-05-04 19:20:11] 
INFO [2019-05-04 19:20:11] $fontface
INFO [2019-05-04 19:20:11] [1] "bold"
INFO [2019-05-04 19:20:11] 
INFO [2019-05-04 19:20:11] $fontfamily
INFO [2019-05-04 19:20:11] [1] "sans"
INFO [2019-05-04 19:20:11] 
INFO [2019-05-04 19:20:11] $cat.cex
INFO [2019-05-04 19:20:11] [1] 0.6
INFO [2019-05-04 19:20:11] 
INFO [2019-05-04 19:20:11] $cat.fontface
INFO [2019-05-04 19:20:11] [1] "bold"
INFO [2019-05-04 19:20:11] 
INFO [2019-05-04 19:20:11] $cat.default.pos
INFO [2019-05-04 19:20:11] [1] "outer"
INFO [2019-05-04 19:20:11] 
INFO [2019-05-04 19:20:11] $cat.pos
INFO [2019-05-04 19:20:11] c(-27, 27, 135)
INFO [2019-05-04 19:20:11] 
INFO [2019-05-04 19:20:11] $cat.dist
INFO [2019-05-04 19:20:11] c(0.055, 0.055, 0.085)
INFO [2019-05-04 19:20:11] 
INFO [2019-05-04 19:20:11] $cat.fontfamily
INFO [2019-05-04 19:20:11] [1] "sans"
INFO [2019-05-04 19:20:11] 
INFO [2019-05-04 19:20:11] $rotation
INFO [2019-05-04 19:20:11] [1] 1
INFO [2019-05-04 19:20:11] 
